<?xml version="1.0" encoding="UTF-8"?>
<!-- Generated by org.testng.reporters.JUnitReportReporter -->
<testsuite hostname="ramesh" failures="0" tests="1" name="check.speed.MainClassMethod" time="206.999" errors="0" timestamp="14 Feb 2022 10:20:54 GMT">
  <testcase classname="check.speed.MainClassMethod" name="CalledMethod" time="206.999"/>
</testsuite> <!-- check.speed.MainClassMethod -->
